2024-09-26 22:01:44,571 - INFO - [31m[1mWARNING: This is a development server. Do not use it in a production deployment. Use a production WSGI server instead.[0m
 * Running on all addresses (0.0.0.0)
 * Running on http://127.0.0.1:5005
 * Running on http://192.168.23.10:5005
2024-09-26 22:01:44,571 - INFO - [33mPress CTRL+C to quit[0m
2024-09-26 22:02:40,973 - INFO - rendering index.html
2024-09-26 22:02:40,978 - INFO - 192.168.23.101 - - [26/Sep/2024 22:02:40] "GET / HTTP/1.1" 200 -
2024-09-26 22:02:41,317 - INFO - 192.168.23.101 - - [26/Sep/2024 22:02:41] "[33mGET /favicon.ico HTTP/1.1[0m" 404 -
2024-09-26 22:02:47,833 - INFO - starting submit
2024-09-26 22:02:47,833 - INFO - Received data: function=aivideo, operationtype=wisdom, url=asdfdsf, debug=on
2024-09-26 22:02:47,833 - INFO - Sending payload to API: {'function': 'aivideo', 'operationtype': 'wisdom', 'url': 'asdfdsf', 'debug': 'on'}
2024-09-26 22:02:47,839 - INFO - API response: ONE SENTENCE SUMMARY: The next decade will be about AI agents that are trained like employees and will perform tasks and collaborate to achieve missions.

MAIN POINTS:
1. The tech industry is moving towards an industry of skills.
2. AI agents will sit on top of tools and use them to solve problems.
3. Agents will be able to reason, collaborate, and communicate with each other.
4. Users will be able to give feedback to agents, helping improve prompts and output.
5. Onboarding agents will be more like onboarding employees than writing software.
6. Users will be able to communicate with agents, giving missions and showing examples.
7. Agents will be able to ask clarifying questions and request additional examples.
8. There will be specialized agents with expertise in particular skills and access to certain information.
9. General-purpose agents will be able to reason about tasks and break down missions into smaller steps.
10. AI is advancing rapidly, enabling breakthroughs in fields like digital biology and disease diagnosis.

TAKEAWAYS:
1. AI agents represent a significant shift in the tech industry, moving from tools to skills.
2. The interaction with AI agents will be more human-like, involving communication, feedback, and collaboration.
3. AI agents will automate tasks and augment human capabilities, leading to increased efficiency and productivity.
4. The next decade will be marked by rapid advancements in AI, leading to breakthroughs in various fields.
5. AI agents will be integrated into various aspects of life, from education to scientific research and company operations. 


2024-09-26 22:02:47,840 - INFO - 192.168.23.101 - - [26/Sep/2024 22:02:47] "POST /submit HTTP/1.1" 200 -
2024-09-27 07:34:23,789 - INFO - rendering index.html
2024-09-27 07:34:23,789 - INFO - 192.168.23.104 - - [27/Sep/2024 07:34:23] "GET / HTTP/1.1" 200 -
2024-09-27 07:34:32,693 - INFO - starting submit
2024-09-27 07:34:32,693 - INFO - Received data: function=aiweb, operationtype=wisdom, url=https://www.businessinsider.com/hiring-picks-up-in-fall-low-openings-hurting-job-seekers-2024-9, debug=False
2024-09-27 07:34:32,694 - INFO - Sending payload to API: {'function': 'aiweb', 'operationtype': 'wisdom', 'url': 'https://www.businessinsider.com/hiring-picks-up-in-fall-low-openings-hurting-job-seekers-2024-9', 'debug': False}
2024-09-27 07:34:32,764 - ERROR - Error connecting to API: 500 Server Error: INTERNAL SERVER ERROR for url: http://localhost:5006/get_ai_insights
2024-09-27 07:34:32,764 - INFO - 192.168.23.104 - - [27/Sep/2024 07:34:32] "[35m[1mPOST /submit HTTP/1.1[0m" 500 -
2024-09-27 07:34:37,410 - INFO - starting submit
2024-09-27 07:34:37,410 - INFO - Received data: function=aiweb, operationtype=wisdom, url=https://www.businessinsider.com/hiring-picks-up-in-fall-low-openings-hurting-job-seekers-2024-9, debug=False
2024-09-27 07:34:37,410 - INFO - Sending payload to API: {'function': 'aiweb', 'operationtype': 'wisdom', 'url': 'https://www.businessinsider.com/hiring-picks-up-in-fall-low-openings-hurting-job-seekers-2024-9', 'debug': False}
2024-09-27 07:34:37,477 - ERROR - Error connecting to API: 500 Server Error: INTERNAL SERVER ERROR for url: http://localhost:5006/get_ai_insights
2024-09-27 07:34:37,477 - INFO - 192.168.23.104 - - [27/Sep/2024 07:34:37] "[35m[1mPOST /submit HTTP/1.1[0m" 500 -
2024-09-27 07:34:58,301 - INFO - starting submit
2024-09-27 07:34:58,303 - INFO - Received data: function=aiweb, operationtype=wisdom, url=https://www.businessinsider.com/hiring-picks-up-in-fall-low-openings-hurting-job-seekers-2024-9, debug=on
2024-09-27 07:34:58,303 - INFO - Sending payload to API: {'function': 'aiweb', 'operationtype': 'wisdom', 'url': 'https://www.businessinsider.com/hiring-picks-up-in-fall-low-openings-hurting-job-seekers-2024-9', 'debug': 'on'}
2024-09-27 07:34:58,307 - INFO - API response: ONE SENTENCE SUMMARY: The next decade will be about AI agents that are trained like employees and will perform tasks and collaborate to achieve missions.

MAIN POINTS:
1. The tech industry is moving towards an industry of skills.
2. AI agents will sit on top of tools and use them to solve problems.
3. Agents will be able to reason, collaborate, and communicate with each other.
4. Users will be able to give feedback to agents, helping improve prompts and output.
5. Onboarding agents will be more like onboarding employees than writing software.
6. Users will be able to communicate with agents, giving missions and showing examples.
7. Agents will be able to ask clarifying questions and request additional examples.
8. There will be specialized agents with expertise in particular skills and access to certain information.
9. General-purpose agents will be able to reason about tasks and break down missions into smaller steps.
10. AI is advancing rapidly, enabling breakthroughs in fields like digital biology and disease diagnosis.

TAKEAWAYS:
1. AI agents represent a significant shift in the tech industry, moving from tools to skills.
2. The interaction with AI agents will be more human-like, involving communication, feedback, and collaboration.
3. AI agents will automate tasks and augment human capabilities, leading to increased efficiency and productivity.
4. The next decade will be marked by rapid advancements in AI, leading to breakthroughs in various fields.
5. AI agents will be integrated into various aspects of life, from education to scientific research and company operations. 


2024-09-27 07:34:58,308 - INFO - 192.168.23.104 - - [27/Sep/2024 07:34:58] "POST /submit HTTP/1.1" 200 -
2024-09-27 20:30:16,937 - INFO - rendering index.html
2024-09-27 20:30:16,938 - INFO - 192.168.23.104 - - [27/Sep/2024 20:30:16] "GET / HTTP/1.1" 200 -
2024-09-27 20:32:09,780 - INFO - starting submit
2024-09-27 20:32:09,780 - INFO - Received data: function=aivideo, operationtype=wisdom, url=https://youtu.be/ZxZO0jd8VoU?si=ay62XqLBO4F2Ccdl, debug=False
2024-09-27 20:32:09,780 - INFO - Sending payload to API: {'function': 'aivideo', 'operationtype': 'wisdom', 'url': 'https://youtu.be/ZxZO0jd8VoU?si=ay62XqLBO4F2Ccdl', 'debug': False}
2024-09-27 20:32:52,993 - INFO - API response: # SUMMARY

This video by Second Thought discusses BlackRock and other asset managers, their control of the market, and the impact on society.

# IDEAS

- BlackRock manages $10.6 trillion, more than half of the United States GDP.
- BlackRock has stock in 95% of Fortune 500 companies.
- Governments hire BlackRock to help manage financial crises.
- BlackRock provides index funds, which give them a loophole of "passivity".
- The index fund offers investors a way to invest in many stocks at once.
- Index funds are a form of mutual fund where people pool money to invest.
- Asset managers manage the pooled money in mutual funds.
- Most of the money asset managers manage comes from institutional investors.
- These institutional investors include pension funds, insurance companies, and nonprofits.
- The money institutional investors manage comes from regular people.
- Asset managers almost always vote with company executives' recommendations.
- In the 1980s, investors started offering company managers stock options.
- This tied executive pay to company profits, funneling money back to investors.
- Universal ownership refers to holding shares in the entire stock market.
- The Big Three (BlackRock, Vanguard, and State Street) own a sizable stake in all listed corporations.
- They own enough stock that selling it all at once would likely crash the market.

# INSIGHTS

- BlackRock's power comes from managing trillions of dollars in index funds.
- Index funds offer lower risk, more consistent returns, and are cheaper to manage.
- The majority of money managed by asset managers comes from regular people.
- Asset managers are incentivized to maximize corporate profits, not worker pay.
- Universal ownership may be responsible for rising prices and reduced competition.
- BlackRock has significant influence in government and international institutions.
- BlackRock profits off of every aspect of our lives while controlling a minimum amount.
- Asset managers have a conflict of interest in self-certifying their own passivity.
- Regulating asset managers like BlackRock will be difficult due to their political influence.
- We have shifted from shareholder democracy to a shareholder oligarchy.

# QUOTES

- "They have stock in 95% of Fortune 500 companies."
- "That means that pretty much anytime you interact with the economy, working, buying stuff, driving a car, going to the bank, anything, you're interacting with BlackRock."
- "Index funds are a form of mutual fund."
- "When you have $1 trillion, you have to put them somewhere, and eventually, that somewhere becomes everywhere."
- "BlackRock is a 3 to 10% shareholder in all of these companies."
- "5% is taken as a threshold for control."
- "The amount of stock you have determines the number of votes you get."
- "They make their profits from the fees they charge their clients, not from the returns on the money they invest."
- "The fees you earn increase when the market value of the assets you manage increases."
- "They own so much that it would be impossible for them to sell out of any one stock in one fell swoop."
- "Today, households have more like 40% of the stock market, and about half of that belongs to the top 10%."
- "The top 1% own 50% of corporate equity and mutual fund shares, while the top 10% own 86%."
- "The tiny green part on the bottom is the least wealthy half of Americans."
- "The bottom 50% virtually owns no shares at all."
- "They play a huge part in wage stagnation."
- "They have significant stakes in Nike, Adidas, Lululemon, and Under Armour."
- "BlackRock reportedly believes that meetings behind closed doors can go further than votes against management."
- "There's a sort of revolving door between BlackRock, the government, and the international [institutions] that create monetary policy."
- "They play all sides of the game because at a certain point, you can't lose when you play against yourself."

# HABITS

- BlackRock engages in extensive lobbying to influence government policy.
- BlackRock holds private meetings with companies in their portfolio.
- BlackRock hires former government officials to gain access and influence.
- BlackRock uses legal loopholes to avoid regulation and oversight.

# FACTS

- BlackRock manages over $10.6 trillion in assets.
- BlackRock is a shareholder in 95% of Fortune 500 companies.
- Index funds are designed to track a specific market index.
- Asset managers earn profits through fees charged to their clients.
- The top 1% of Americans own 50% of corporate equity.
- The top 10% of Americans own 86% of corporate equity.
- Stock options tie executive pay to company performance.
- Universal ownership leads to reduced competition between companies.
- The Consumer Financial Protection Bureau and the FDIC are working to increase regulation of asset managers.

# REFERENCES

- Fortune 500 companies
- Wolf of Wall Street
- Amazon
- Jeff Bezos
- Nike
- Adidas
- Lululemon
- Under Armour
- US Treasury
- Federal Reserve
- Central Bank of Canada
- Central Banks of European countries
- Central Bank of Sweden
- International Monetary Fund
- World Economic Forum
- Hillary Clinton
- Financial Stability Oversight Council
- DC Metro
- Consumer Financial Protection Bureau
- FDIC

# ONE-SENTENCE TAKEAWAY

BlackRock's vast control over the market raises concerns about competition, fairness, and regulation.

# RECOMMENDATIONS

- Educate yourself about the role of asset managers in the economy.
- Support policies that increase regulation and oversight of asset managers.
- Consider investing in companies that prioritize worker well-being and fair competition.
- Advocate for greater transparency and accountability in financial markets.
- Diversify your investments to reduce your reliance on large asset managers.


2024-09-27 20:32:52,994 - INFO - 192.168.23.104 - - [27/Sep/2024 20:32:52] "POST /submit HTTP/1.1" 200 -
2024-09-27 20:34:49,010 - INFO - rendering index.html
2024-09-27 20:34:49,011 - INFO - 192.168.23.104 - - [27/Sep/2024 20:34:49] "GET / HTTP/1.1" 200 -
2024-09-27 20:34:57,307 - INFO - starting submit
2024-09-27 20:34:57,307 - INFO - Received data: function=aivideo, operationtype=wisdom, url=https://youtu.be/ZxZO0jd8VoU?si=ay62XqLBO4F2Ccdl, debug=False
2024-09-27 20:34:57,307 - INFO - Sending payload to API: {'function': 'aivideo', 'operationtype': 'wisdom', 'url': 'https://youtu.be/ZxZO0jd8VoU?si=ay62XqLBO4F2Ccdl', 'debug': False}
2024-09-27 20:35:46,699 - INFO - API response: # SUMMARY

This video is about BlackRock and how asset managers like them control the economy.

# IDEAS

- BlackRock manages over $10.6 trillion, more than half of the United States GDP.
- BlackRock has stock in 95% of Fortune 500 companies, making them a huge player in the market.
- BlackRock claims to be passive investors, but they have an outsized influence on the economy.
- Index funds are a type of mutual fund that tracks a specific market index, like the S&P 500.
- Index funds are popular because they are low-cost and offer diversification, making them attractive to investors.
- BlackRock makes money from the fees they charge clients, not from the returns on the investments.
- Universal ownership refers to owning shares in every company in the stock market, which is BlackRock's goal.
- BlackRock is often the largest shareholder in the companies they invest in, giving them significant voting power.
- In the 1980s, investors started offering company managers stock options to align their interests with shareholders.
- This shift incentivized managers to focus on short-term profits, often at the expense of workers and long-term growth.
- BlackRock's universal ownership model has contributed to wage stagnation and rising prices for consumers.
- BlackRock has close ties to the government, hiring former officials and lobbying against regulations.
- BlackRock self-certifies its own passivity, avoiding government oversight that applies to other financial institutions.
- The biggest investors in BlackRock are Vanguard and State Street, and vice versa, creating a closed loop of ownership.
- This closed loop concentrates financial power in the hands of a few, undermining shareholder democracy.
- The current system incentivizes asset managers to prioritize short-term profits, even if it harms the economy.
- We need a better system that gives workers and consumers more power over how wealth is created and distributed.

# INSIGHTS

- Asset managers like BlackRock have an outsized influence on the economy, despite claiming to be passive investors.
- The rise of index funds and universal ownership has concentrated financial power in the hands of a few institutions.
- The current system incentivizes short-term profits over long-term growth and worker well-being.
- The lack of oversight and regulation of asset managers poses a systemic risk to the economy.
- We need to rethink the role of shareholders and create a system that prioritizes the interests of all stakeholders.
- The concentration of ownership in the financial sector undermines competition and leads to higher prices for consumers.
- The revolving door between government and finance gives asset managers undue influence over policy decisions.
- The current system of shareholder "democracy" is more like an oligarchy, where a few powerful institutions call the shots.
- The pursuit of short-term profits by asset managers has contributed to wage stagnation and rising inequality.
- We need to find ways to democratize the economy and give workers and consumers a greater say in how it is run.

# QUOTES

- "They have stock in 95% of Fortune 500 companies and they've been hired by governments across the world to help manage financial crisis and even just conduct normal operations."
- "That means that pretty much anytime you interact with the economy, working, buying stuff, driving a car, going to the bank, anything, you're interacting with BlackRock."
- "They own so much that it would be impossible for them to sell out of any one stock in one fell swoop."
- "The fees you earn if you're BlackRock increase when the market value of the assets you manage increases."
- "You maximize your assets and the management by winning over new clients and by getting the clients that you already have to give you more money."
- "When you have $1 trillion, do you have to put them somewhere and eventually that somewhere becomes everywhere."
- "Universal ownership refers to holding shares in the entire universe of firms listed on the stock market."
- "BlackRock is a three to ten percent shareholder in all of these companies."
- "If and when shareholders is dispersed, five percent makes you in all likelihood the single largest shareholder in that company."
- "They make their profits from the fees they charge their clients, not from the returns on the money they invest."
- "They typically give management a year before voting against them."
- "They also have a lot of friends in the government, there's a sort of revolving door between BlackRock, the government, and the international."
- "Larry Fink himself is on the board of the World Economic Forum and even tried to get himself selected as Hillary Clinton's treasury secretary in 2016."
- "The asset managers of course are not happy and they are lobbying against this, so regulating them much further is going to prove difficult."
- "We no longer have the old system of shareholder democracy, we have something more like a shareholder oligarchy."
- "They play all sides of the game because at a certain point, you can't lose when you play against yourself."
- "They profit off of every bit of your life while controlling just the minimum amount they need to make sure they can continue profiting off of every bit of your life."

# HABITS

- BlackRock actively lobbies the government to avoid regulations.
- BlackRock hires former government officials to gain influence.
- BlackRock engages in private meetings with companies they invest in.
- BlackRock typically gives company management a year before voting against them.
- BlackRock focuses on maximizing assets under management to increase fees.

# FACTS

- BlackRock manages over $10.6 trillion in assets.
- BlackRock has stock in 95% of Fortune 500 companies.
- The top 1% of Americans own 50% of corporate equity.
- The top 10% of Americans own 86% of corporate equity.
- In 1945, 94% of stocks were owned by households.
- Today, households own about 40% of the stock market.
- BlackRock performed over 1,500 private engagements with companies in their portfolio from 2014 to 2015.
- BlackRock has hired at least 84 former government officials since 2004.

# REFERENCES

- Fortune 500 companies
- Index funds
- ETFs
- Mutual funds
- Pension funds
- Insurance companies
- University endowments
- 401Ks
- Wolf of Wall Street
- Amazon
- Jeff Bezos
- Nike
- Adidas
- Lululemon
- Under Armour
- Airlines
- Major banks
- Financial Stability Oversight Council (FSOC)
- Consumer Financial Protection Bureau
- FDIC
- DC Metro
- World Economic Forum
- Hillary Clinton

# ONE-SENTENCE TAKEAWAY

BlackRock's universal ownership model undermines competition and concentrates financial power, harming workers and consumers.

# RECOMMENDATIONS

- Support regulations that increase oversight of asset managers.
- Advocate for policies that promote worker ownership and profit-sharing.
- Invest in companies that prioritize long-term growth and sustainability.
- Support efforts to democratize the economy and give workers a greater voice.
- Be aware of the influence of asset managers and their impact on your life. 


2024-09-27 20:35:46,699 - INFO - 192.168.23.104 - - [27/Sep/2024 20:35:46] "POST /submit HTTP/1.1" 200 -
2024-09-27 21:29:50,674 - INFO - starting submit
2024-09-27 21:29:50,674 - INFO - Received data: function=aivideo, operationtype=wisdom, url=https://youtu.be/0Hfb4qtpqlg?si=ZepkrP1Vy1_RcmxI, debug=False
2024-09-27 21:29:50,674 - INFO - Sending payload to API: {'function': 'aivideo', 'operationtype': 'wisdom', 'url': 'https://youtu.be/0Hfb4qtpqlg?si=ZepkrP1Vy1_RcmxI', 'debug': False}
2024-09-27 21:30:30,659 - INFO - API response: ## SUMMARY

Andrew Huberman, a neuroscientist, presents a simple 2-rule system for healthy eating to stay lean.

## IDEAS:
- Eating a high-fat, low-carb diet can help you gain muscle and lose fat.
- Insulin is the key to the fat cell; it opens it up and fills it with fat.
- To gain muscle and for your fat cells to grow, you need some insulin.
- If you have too much insulin, you store too much fat.
- You can eat plenty of calories to build muscle but store very little fat.
- It's very difficult to overeat on carbohydrates and protein.
- If you only ate protein and carbs, you would probably starve to death.
- Rabbit meat is so lean that if you ate an unlimited amount of it, you would die.
- You cannot live on a diet of just rabbit meat because it's too low in fat.
- You would have plenty of protein and food in your stomach but not enough calories.
- Carbohydrates and proteins together don't make you fat.
- Healthy fats are essential; without fats you can die.
- Essential fatty acids are essential, meaning your body cannot produce them.
- A very small percentage of society will be able to mix carbs and fats and not gain weight.
- The vast majority of society, if you mix fat and carbs together, you will gain weight.
- If you're going to mix carbs and fats, you've got to do calorie counting.
- There are methods that work for calorie counting but they can be tedious to follow.
- Skipping a meal a day and eating high carb, low fat is highly effective for staying lean.

## INSIGHTS:
- A high-fat, low-carb diet works because it keeps insulin levels low.
- Eating only protein and carbs is not sustainable for long-term health.
- Healthy fats are essential for survival.
- Most people gain weight when they mix carbohydrates and fats.
- Eating a high-carb, low-fat diet can be an effective way to stay lean.
- Avoiding simple sugars is key to staying lean on a high-carb diet.
- Focus on eating grains and potatoes on a high-carb diet.
- Enjoy your food, eat like a king, and you'll never be hungry or have cravings.
- Find a diet that works for you and stick to it.
- Listen to your body and adjust your diet as needed.

## QUOTES:
- "Insulin is like the key to the fat cell; it opens up the fat cell and stuffs it with fat."
- "Carbohydrates and proteins together don't make you fat."
- "Healthy fats are essential, without fats you can die, you will die."
- "You can't mix sugar and fat together and expect to stay slim."
- "The vast majority of society, if you mix fat and carbs together, you will gain weight."
- "If you're going to mix carbs and fats, you've got to do a calorie countdown."
- "Skipping a meal a day, usually I eat breakfast, lunch, and a snack, high carb, low fat, and I get super lean, very fast."
- "The two most important rules: one, don't eat any foods that have more than three grams of fat per 100 calorie, and two, don't eat simple sugars."

## HABITS:
- Eats a high-carb, low-fat diet.
- Does intermittent fasting.
- Eats breakfast, lunch, and a snack.
- Skips a meal a day.
- Eats extra lean meat.
- Avoids simple sugars like jam, syrup, and honey.
- Eats grains, potatoes, soups, and stews.
- Makes low-fat pancakes.
- Enjoys dried pineapple as a snack.
- Increases fat intake when getting too light.

## FACTS:
- Every gram of fat has nine calories.
- Every gram of carbohydrate has four calories.
- Every gram of protein has four calories.
- Rabbit meat is very lean.
- Healthy fats are essential for human survival.
- 85% of people gain weight when they mix fats and carbohydrates.

## REFERENCES:
- *The Schwarzbein Principle II: The Transition: A Regeneration Process to Prevent and Reverse Accelerated Aging* by Diana Schwarzbein

## ONE-SENTENCE TAKEAWAY:

To stay lean, limit food to three grams of fat per 100 calories and avoid simple sugars. 

## RECOMMENDATIONS:
- Look at the nutritional information of food before you consume it.
- Ask yourself: does it have more than three grams of fat per 100 calories?
- Avoid foods with simple sugars like jam, syrup, and honey.
- Eat grains, potatoes, soups, and stews.
- Make low-fat, high-protein pancakes.
- Enjoy dried pineapple and dates in moderation.
- Increase your fat intake if you are getting too light.
- Find a diet that works for you and stick to it.
- Listen to your body and adjust your diet as needed.
- Enjoy your food and eat like a king.
- Don't be afraid to experiment with different diets.
- Find a balance that works for you and your lifestyle.
- Be patient and consistent with your diet.
- Don't give up if you don't see results immediately.
- Celebrate your successes and learn from your mistakes.


2024-09-27 21:30:30,660 - INFO - 192.168.23.104 - - [27/Sep/2024 21:30:30] "POST /submit HTTP/1.1" 200 -
2024-09-28 22:05:30,297 - INFO - [31m[1mWARNING: This is a development server. Do not use it in a production deployment. Use a production WSGI server instead.[0m
 * Running on all addresses (0.0.0.0)
 * Running on http://127.0.0.1:5005
 * Running on http://192.168.23.10:5005
2024-09-28 22:05:30,300 - INFO - [33mPress CTRL+C to quit[0m
2024-09-28 22:05:37,987 - INFO - rendering index.html
2024-09-28 22:05:38,013 - INFO - 192.168.23.101 - - [28/Sep/2024 22:05:38] "GET / HTTP/1.1" 200 -
2024-09-28 22:05:38,506 - INFO - 192.168.23.101 - - [28/Sep/2024 22:05:38] "[33mGET /favicon.ico HTTP/1.1[0m" 404 -
2024-09-28 22:06:18,794 - INFO - starting submit
2024-09-28 22:06:22,606 - INFO - Received data: function=aivideo, operationtype=wisdom, url=https://youtu.be/vIXfYFB7aBI?si=kS_yru2BywmSlpTE, debug=False
2024-09-28 22:06:31,016 - INFO - Sending payload to API: {'function': 'aivideo', 'operationtype': 'wisdom', 'url': 'https://youtu.be/vIXfYFB7aBI?si=kS_yru2BywmSlpTE', 'debug': False}
2024-09-28 22:06:48,988 - ERROR - Error connecting to API: HTTPConnectionPool(host='localhost', port=5006): Max retries exceeded with url: /get_ai_insights (Caused by NewConnectionError('<urllib3.connection.HTTPConnection object at 0xffffa351e6b0>: Failed to establish a new connection: [Errno 111] Connection refused'))
2024-09-28 22:06:50,147 - INFO - 192.168.23.101 - - [28/Sep/2024 22:06:50] "[35m[1mPOST /submit HTTP/1.1[0m" 500 -
2024-09-28 22:07:24,006 - INFO - starting submit
2024-09-28 22:07:28,626 - INFO - Received data: function=aivideo, operationtype=wisdom, url=https://youtu.be/vIXfYFB7aBI?si=kS_yru2BywmSlpTE, debug=False
2024-09-28 22:07:36,239 - INFO - Sending payload to API: {'function': 'aivideo', 'operationtype': 'wisdom', 'url': 'https://youtu.be/vIXfYFB7aBI?si=kS_yru2BywmSlpTE', 'debug': False}
2024-09-28 22:19:26,661 - INFO - [31m[1mWARNING: This is a development server. Do not use it in a production deployment. Use a production WSGI server instead.[0m
 * Running on all addresses (0.0.0.0)
 * Running on http://127.0.0.1:5005
 * Running on http://192.168.23.10:5005
2024-09-28 22:19:26,664 - INFO - [33mPress CTRL+C to quit[0m
2024-09-28 22:19:38,232 - INFO - rendering index.html
2024-09-28 22:19:38,275 - INFO - 192.168.23.101 - - [28/Sep/2024 22:19:38] "GET / HTTP/1.1" 200 -
2024-09-28 22:19:52,406 - INFO - starting submit
2024-09-28 22:19:57,788 - INFO - Received data: function=aivideo, operationtype=wisdom, url=https://youtu.be/vIXfYFB7aBI, debug=False
2024-09-28 22:20:06,147 - INFO - Sending payload to API: {'function': 'aivideo', 'operationtype': 'wisdom', 'url': 'https://youtu.be/vIXfYFB7aBI', 'debug': False}
